f:\pacman\traping combo\traping\traping\debug\vc143.pdb
f:\pacman\traping combo\traping\traping\debug\vc143.idb
f:\pacman\traping combo\traping\traping\debug\statemanager.obj
f:\pacman\traping combo\traping\traping\debug\mainmenu.obj
f:\pacman\traping combo\traping\traping\debug\main.obj
f:\pacman\traping combo\traping\traping\debug\game.obj
f:\pacman\traping combo\traping\traping\debug\pausegame.obj
f:\pacman\traping combo\traping\traping\debug\menu.obj
f:\pacman\traping combo\traping\traping\debug\gameplay.obj
f:\pacman\traping combo\traping\traping\debug\gameover.obj
f:\pacman\traping combo\traping\traping\debug\drawmap.obj
f:\pacman\traping combo\traping\traping\debug\ladderboard.obj
f:\pacman\traping combo\traping\debug\traping.exe
f:\pacman\traping combo\traping\traping\debug\traping.ilk
f:\pacman\traping combo\traping\debug\traping.pdb
f:\pacman\traping combo\traping\traping\debug\scoreboard.obj
f:\pacman\traping combo\traping\traping\debug\mainmenu.obj.enc
f:\pacman\traping combo\traping\traping\debug\traping.tlog\cl.command.1.tlog
f:\pacman\traping combo\traping\traping\debug\traping.tlog\cl.read.1.tlog
f:\pacman\traping combo\traping\traping\debug\traping.tlog\cl.write.1.tlog
f:\pacman\traping combo\traping\traping\debug\traping.tlog\link.command.1.tlog
f:\pacman\traping combo\traping\traping\debug\traping.tlog\link.read.1.tlog
f:\pacman\traping combo\traping\traping\debug\traping.tlog\link.write.1.tlog
